>> Source:SAN Destination:SVG Start_Time:1347
No Flight Schedule Found.
>> Source:FDH Destination:GDN Start_Time:1121
[FDH->STR:1900->2200][STR->MUC:0030->0400][MUC->CPH:0635->0815][CPH->GDN:0925->1020]
>> Source:NRK Destination:POP Start_Time:0517
[NRK->ARN:1645->1845][ARN->DUS:1930->2150][DUS->FRA:2300->0340][FRA->POP:1500->1900]
>> Source:LGA Destination:ICN Start_Time:2344
No Flight Schedule Found.
>> Source:CCS Destination:IAH Start_Time:1720
[CCS->FRA:1625->0810][FRA->IAH:0945->1340]
>> Source:PDX Destination:QPX Start_Time:2047
No Flight Schedule Found.
>> Source:PMV Destination:ORF Start_Time:1522
[PMV->FRA:1745->0925][FRA->JFK:1005->1235][JFK->ORF:1800->0800]
>> Source:TSR Destination:KBP Start_Time:1705
[TSR->MUC:1755->1825][MUC->FRA:2030->2135][FRA->KBP:0945->1305]
>> Source:BAH Destination:GVA Start_Time:0202
No Flight Schedule Found.
>> Source:VRN Destination:STL Start_Time:1015
[VRN->FRA:1355->1525][FRA->ORD:1700->1915][ORD->STL:1500->0800]
>> Source:MEL Destination:KBP Start_Time:1150
[MEL->SIN:1550->2140][SIN->IST:2335->0740][IST->MUC:0825->1000][MUC->KBP:1300->1615]
>> Source:JFK Destination:MRS Start_Time:1016
[JFK->FRA:1615->0555][FRA->MRS:0740->0925]
>> Source:OTP Destination:OPO Start_Time:0757
[OTP->FRA:1420->1555][FRA->OPO:2155->2330]
>> Source:MJT Destination:HOG Start_Time:1516
[MJT->OSL:2110->0000][OSL->FRA:0625->0825][FRA->HOG:1110->1600]
>> Source:LJU Destination:ABV Start_Time:1507
[LJU->FRA:1800->1430][FRA->ABV:1055->1550]
>> Source:HBE Destination:TFS Start_Time:0118
[HBE->FRA:0210->0615][FRA->TFS:0645->1025]
>> Source:VIE Destination:EMA Start_Time:1938
[VIE->DUS:1950->2120][DUS->LHR:0655->0720][LHR->EMA:1700->2000]
>> Source:SCL Destination:MEL Start_Time:0252
[SCL->GRU:1205->1640][GRU->MUC:2030->1310][MUC->FRA:1540->1645][FRA->EWR:1715->1959][EWR->SIN:2300->0540][SIN->MEL:0955->1915]
>> Source:MEM Destination:BLL Start_Time:1400
No Flight Schedule Found.
>> Source:CMN Destination:VNO Start_Time:0740
[CMN->FRA:1650->0510][FRA->VNO:1025->1325]
>> Source:ZAG Destination:SCN Start_Time:2149
No Flight Schedule Found.
>> Source:DEL Destination:ILN Start_Time:1343
[DEL->FRA:0225->0700][FRA->ILN:0240->0810]
>> Source:WRO Destination:BLL Start_Time:1540
[WRO->MUC:1900->2020][MUC->CPH:2150->2325][CPH->CHQ:0645->1130][CHQ->BLL:1255->1525]
>> Source:BRE Destination:SCQ Start_Time:2043
No Flight Schedule Found.
>> Source:PMI Destination:MRU Start_Time:2151
[PMI->FRA:2220->0035][FRA->MRU:1605->0520]
>> Source:BOO Destination:CAN Start_Time:2353
[BOO->OSL:0615->0745][OSL->FRA:0935->1145][FRA->CAN:1520->1110]
>> Source:SDF Destination:OVB Start_Time:0357
No Flight Schedule Found.
>> Source:CMH Destination:EIN Start_Time:1005
No Flight Schedule Found.
>> Source:KLU Destination:HYD Start_Time:1337
[KLU->VIE:2100->2350][VIE->FRA:0750->0915][FRA->HYD:1105->2320]
>> Source:LHE Destination:CGN Start_Time:1851
No Flight Schedule Found.
>> Source:EMA Destination:TIP Start_Time:0225
[EMA->FRA:0245->0510][FRA->TIP:0915->1205]
>> Source:JFK Destination:TUN Start_Time:1602
[JFK->FRA:1615->0555][FRA->TUN:2225->0045]
>> Source:YYZ Destination:AGP Start_Time:1253
[YYZ->FRA:1735->0715][FRA->AGP:1400->1650]
>> Source:MKE Destination:MXP Start_Time:1310
No Flight Schedule Found.
>> Source:HKT Destination:CLT Start_Time:2239
[HKT->MUC:0950->1925][MUC->CLT:1130->1515]
>> Source:ALC Destination:BOG Start_Time:2323
[ALC->SVG:1240->1605][SVG->LHR:1750->1850][LHR->FRA:2000->2230][FRA->CCS:1015->1430][CCS->BOG:2015->2101]
>> Source:PUY Destination:KRS Start_Time:1211
[PUY->ARN:1545->1825][ARN->OSL:1945->2040][OSL->KRS:2140->2225]
>> Source:DKR Destination:GDN Start_Time:1013
[DKR->FRA:2010->0610][FRA->MUC:0750->0845][MUC->GDN:1035->1210]
>> Source:BLL Destination:NCL Start_Time:1418
[BLL->CPH:1905->1945][CPH->CGN:2300->0020][CGN->DUS:0330->0445][DUS->NCL:1220->1245]
>> Source:KTW Destination:CGK Start_Time:0815
[KTW->FRA:1320->1455][FRA->EWR:1715->1959][EWR->SIN:2300->0540][SIN->CGK:0740->0815]
>> Source:ZMS Destination:SDF Start_Time:1229
[ZMS->FRA:0300->0500][FRA->DUS:0655->0745][DUS->ORD:0900->1125][ORD->SDF:1500->0800]
>> Source:VOG Destination:DTW Start_Time:1710
No Flight Schedule Found.
>> Source:AAR Destination:NRT Start_Time:1852
[AAR->CPH:1935->2015][CPH->BKK:2250->1445][BKK->NRT:2225->0630]
>> Source:DTM Destination:LIS Start_Time:1949
No Flight Schedule Found.
>> Source:FRA Destination:LHR Start_Time:0601
[FRA->LHR:0730->0805]
>> Source:HAM Destination:PIT Start_Time:1041
[HAM->FRA:1055->1205][FRA->PHL:1320->1600][PHL->PIT:2300->0800]
>> Source:PEE Destination:NCL Start_Time:1332
[PEE->FRA:0315->0515][FRA->DUS:0655->0745][DUS->NCL:1220->1245]
>> Source:FLR Destination:AUS Start_Time:0055
No Flight Schedule Found.
>> Source:BOG Destination:DOK Start_Time:0102
[BOG->CCS:1226->1515][CCS->FRA:1625->0810][FRA->MUC:0855->0950][MUC->DOK:1120->1515]
>> Source:KZN Destination:SOF Start_Time:0658
[KZN->FRA:0640->1035][FRA->MUC:1240->1335][MUC->SOF:1920->2220]
>> Source:BNE Destination:MFM Start_Time:2108
[BNE->SIN:2345->0545][SIN->MFM:0920->1300]
>> Source:MRU Destination:WAW Start_Time:0816
[MRU->FRA:0855->1900][FRA->MUC:1945->2040][MUC->WAW:0640->0805]
>> Source:SYD Destination:AGA Start_Time:0614
[SYD->SIN:0805->1420][SIN->PEK:1655->2300][PEK->FRA:0200->0505][FRA->AGA:1415->1610]
>> Source:BHX Destination:MSY Start_Time:2102
[BHX->EMA:2330->0015][EMA->FRA:0245->0510][FRA->DFW:1005->1350][DFW->MSY:1500->0900]
>> Source:MAN Destination:SFT Start_Time:1950
[MAN->LHR:2359->0400][LHR->ARN:0655->1020][ARN->SFT:1510->1625]
>> Source:LCA Destination:KUL Start_Time:1310
[LCA->FRA:1605->1855][FRA->ICN:1940->1945][ICN->SIN:0900->1415][SIN->KUL:1700->1755]
>> Source:BTZ Destination:MCT Start_Time:2203
[BTZ->IST:0100->0900][IST->FRA:1345->1545][FRA->MCT:1115->2130]
>> Source:GOA Destination:ARR Start_Time:0846
No Flight Schedule Found.
>> Source:MEL Destination:DEP Start_Time:0953
No Flight Schedule Found.
>> Source:ATQ Destination:LNZ Start_Time:0500
[ATQ->SIN:2245->0715][SIN->HKG:0830->1215][HKG->FRA:1330->1920][FRA->LNZ:2135->2240]
>> Source:HAJ Destination:NCE Start_Time:1726
[HAJ->MUC:1900->2010][MUC->NCE:0650->0815]
>> Source:ACC Destination:SSA Start_Time:1617
[ACC->FRA:1900->0525][FRA->SSA:0930->1515]
>> Source:ABZ Destination:CMN Start_Time:2236
[ABZ->SVG:0940->1140][SVG->FRA:1245->1440][FRA->CMN:2205->2335]
>> Source:AGA Destination:MRU Start_Time:1708
[AGA->OSL:1215->1925][OSL->CGN:2025->2345][CGN->FRA:0120->0350][FRA->MRU:1605->0520]
>> Source:SIN Destination:CGN Start_Time:1606
[SIN->PEK:1655->2300][PEK->FRA:0200->0505][FRA->CGN:0545->0815]
>> Source:CVG Destination:LEJ Start_Time:0409
[CVG->ORD:2200->0800][ORD->MUC:1410->0555][MUC->LEJ:0750->0850]
>> Source:MMX Destination:BUD Start_Time:1912
[MMX->CGN:2100->2345][CGN->DUS:0330->0445][DUS->BUD:0700->0845]
>> Source:KUL Destination:SOF Start_Time:1944
[KUL->FRA:2125->0605][FRA->SOF:1035->1345]
>> Source:AMM Destination:EIL Start_Time:1917
No Flight Schedule Found.
>> Source:SVX Destination:IST Start_Time:2134
[SVX->FRA:0545->0650][FRA->IST:0905->1250]
>> Source:DEL Destination:TLS Start_Time:1658
[DEL->FRA:0225->0700][FRA->TLS:0815->0955]
>> Source:LED Destination:TUN Start_Time:1140
[LED->FRA:1200->1400][FRA->TUN:2225->0045]
>> Source:SNN Destination:SHJ Start_Time:0311
[SNN->EMA:2040->2145][EMA->FRA:0245->0510][FRA->BRU:0715->0810][BRU->SIN:1300->1845][SIN->SHJ:0505->0815]
>> Source:NRT Destination:KEF Start_Time:1344
[NRT->ICN:1440->1710][ICN->FRA:2150->0450][FRA->OSL:0830->1025][OSL->KEF:1615->1700]
>> Source:PMI Destination:SSH Start_Time:0722
[PMI->DUS:0735->0950][DUS->CPH:1240->1405][CPH->SSH:1000->1500]
>> Source:OSL Destination:MEL Start_Time:0841
[OSL->ARN:0905->1000][ARN->EWR:1040->1310][EWR->SIN:2300->0540][SIN->MEL:0955->1915]
>> Source:VRN Destination:BRQ Start_Time:0043
No Flight Schedule Found.
>> Source:HBE Destination:CGK Start_Time:1828
[HBE->FRA:0210->0615][FRA->BRU:0715->0810][BRU->SIN:1300->1845][SIN->CGK:2115->2150]
>> Source:XZF Destination:SAN Start_Time:2300
No Flight Schedule Found.
>> Source:VAR Destination:BAH Start_Time:1235
No Flight Schedule Found.
>> Source:AKL Destination:HER Start_Time:1916
[AKL->SIN:2355->0645][SIN->HKG:0830->1215][HKG->FRA:1330->1920][FRA->HER:0445->0855]
>> Source:PDL Destination:ABZ Start_Time:1555
[PDL->OSL:1350->2120][OSL->SVG:2230->2320][SVG->ABZ:0900->0905]
>> Source:GIG Destination:PDX Start_Time:1654
[GIG->VCP:1745->0800][VCP->FRA:0245->0405][FRA->PDX:0955->1125]
>> Source:LRM Destination:MKC Start_Time:1527
[LRM->FRA:1600->0700][FRA->ORD:0955->1150][ORD->MKC:1500->0900]
>> Source:ALG Destination:WAW Start_Time:1224
[ALG->FRA:0305->0635][FRA->WAW:0740->0915]
>> Source:CPT Destination:ACC Start_Time:1908
[CPT->JNB:2000->1500][JNB->FRA:1915->0530][FRA->ACC:1100->1710]
>> Source:STR Destination:GRU Start_Time:1206
[STR->MUC:1320->1415][MUC->GRU:1120->1850]
>> Source:DFW Destination:ANR Start_Time:0216
[DFW->FRA:0645->2315][FRA->BRU:0715->0810][BRU->ANR:1430->1600]
>> Source:SKG Destination:HOH Start_Time:0354
[SKG->ATH:2030->0800][ATH->FRA:1405->1615][FRA->HOH:1500->0600]
>> Source:BIO Destination:PSA Start_Time:1437
[BIO->FRA:1705->1910][FRA->PSA:0700->1000]
>> Source:CGN Destination:NRT Start_Time:0439
[CGN->FRA:0450->0720][FRA->NRT:1215->0630]
>> Source:NCE Destination:KEF Start_Time:1233
[NCE->ARN:1400->1705][ARN->KEF:0725->0845]
>> Source:VIE Destination:TKU Start_Time:1837
[VIE->FRA:1915->2040][FRA->CPH:2140->2305][CPH->TKU:0950->1225]
>> Source:GSP Destination:KRK Start_Time:1009
No Flight Schedule Found.
>> Source:OER Destination:PSA Start_Time:1456
[OER->ARN:1605->1705][ARN->GOT:1745->1840][GOT->FRA:1905->2050][FRA->PSA:0700->1000]
>> Source:OER Destination:ORH Start_Time:0028
[OER->ARN:0615->0715][ARN->MUC:0750->1000][MUC->BOS:1130->1355][BOS->ORH:1200->1800]
>> Source:DTW Destination:SSA Start_Time:0922
[DTW->FRA:1550->0555][FRA->SSA:0930->1515]
>> Source:ZRH Destination:MNL Start_Time:1555
[ZRH->FRA:1745->1850][FRA->MNL:2245->1810]
>> Source:BCN Destination:AUH Start_Time:0547
[BCN->FRA:0655->0905][FRA->AUH:1310->2240]
>> Source:ASM Destination:SCN Start_Time:0420
No Flight Schedule Found.
>> Source:BIO Destination:DMM Start_Time:0749
[BIO->FRA:1320->1530][FRA->DMM:1325->2120]
>> Source:TOS Destination:ALC Start_Time:0517
[TOS->OSL:0650->0845][OSL->ALC:1010->1415]
>> Source:MLE Destination:DXB Start_Time:0019
[MLE->FRA:0950->1700][FRA->DXB:2300->0710]
>> Source:EVE Destination:FUE Start_Time:1851
[EVE->OSL:1920->2100][OSL->ARN:2300->0000][ARN->FUE:0930->1415]
>> Source:CPH Destination:LAS Start_Time:2311
[CPH->FRA:0700->0840][FRA->LAS:1225->1455]
>> Source:PUJ Destination:ADD Start_Time:2157
[PUJ->FRA:1500->0610][FRA->ADD:1055->2045]
>> Source:GSP Destination:CGN Start_Time:0038
No Flight Schedule Found.
>> Source:MST Destination:AMM Start_Time:1056
No Flight Schedule Found.
>> Source:TPE Destination:YUL Start_Time:2355
[TPE->SIN:1345->1810][SIN->DXB:2200->0120][DXB->FRA:0150->0620][FRA->MUC:0750->0845][MUC->YUL:1150->1410]
>> Source:MJT Destination:ESB Start_Time:1530
[MJT->OSL:2110->0000][OSL->FRA:0625->0825][FRA->MUC:0855->0950][MUC->ESB:1925->2310]
>> Source:GRZ Destination:TLV Start_Time:0510
[GRZ->FRA:0615->0745][FRA->TLV:0955->1440]
>> Source:VXO Destination:TRS Start_Time:1225
[VXO->ARN:1355->1450][ARN->MUC:1625->1835][MUC->TRS:2100->2205]
>> Source:ORD Destination:AOI Start_Time:1017
[ORD->MUC:1410->0555][MUC->AOI:1035->1210]
>> Source:MOL Destination:CCU Start_Time:0422
[MOL->OSL:0650->0740][OSL->ARN:0835->0935][ARN->EWR:1040->1310][EWR->SIN:2300->0540][SIN->CCU:2105->2235]
>> Source:SJO Destination:MKE Start_Time:0846
[SJO->FRA:0930->0640][FRA->ORD:0955->1150][ORD->MKE:1500->0800]
>> Source:CAN Destination:SIN Start_Time:1804
[CAN->SIN:1320->1715]
>> Source:SPC Destination:KLX Start_Time:1437
No Flight Schedule Found.
>> Source:BUF Destination:DEP Start_Time:1236
No Flight Schedule Found.
>> Source:ZMS Destination:LIS Start_Time:0233
[ZMS->FRA:0300->0500][FRA->LIS:0930->1125]
>> Source:DPS Destination:STL Start_Time:0345
[DPS->SIN:0915->1145][SIN->PEK:1655->2300][PEK->FRA:0200->0505][FRA->DUS:0655->0745][DUS->ORD:0900->1125][ORD->STL:1500->0800]
>> Source:BNA Destination:VCE Start_Time:1300
No Flight Schedule Found.
>> Source:QPX Destination:PRN Start_Time:0827
[QPX->FRA:2000->0300][FRA->CPH:0800->0920][CPH->PRN:0850->1130]
>> Source:KEF Destination:KZN Start_Time:0321
[KEF->ARN:0925->1445][ARN->FRA:1515->1725][FRA->KZN:2150->0515]
>> Source:SVG Destination:BLR Start_Time:1609
[SVG->LHR:1750->1850][LHR->SIN:2215->1800][SIN->BLR:2015->2200]
>> Source:SEZ Destination:OPO Start_Time:1635
[SEZ->MUC:2240->0625][MUC->FRA:0820->0925][FRA->OPO:1415->1550]
>> Source:JNB Destination:KIX Start_Time:1740
[JNB->FRA:1915->0530][FRA->BRU:0715->0810][BRU->SIN:1300->1845][SIN->KIX:2355->0720]
>> Source:DRS Destination:ARN Start_Time:1900
[DRS->FRA:1955->2105][FRA->ARN:2145->2345]
>> Source:ROV Destination:DXB Start_Time:0216
No Flight Schedule Found.
>> Source:STR Destination:VLC Start_Time:0656
[STR->DUS:0810->0915][DUS->VLC:1130->1400]
>> Source:MSP Destination:DTM Start_Time:1407
[MSP->ORD:2300->1000][ORD->FRA:1510->0620][FRA->DTM:2355->0800]
>> Source:HEL Destination:PUJ Start_Time:0357
[HEL->FRA:0715->0845][FRA->PUJ:0945->1350]
>> Source:DFW Destination:BLL Start_Time:0151
[DFW->FRA:0645->2315][FRA->BLL:0030->1230]
>> Source:ACC Destination:OMA Start_Time:0043
[ACC->FRA:1900->0525][FRA->DUS:0655->0745][DUS->ORD:0900->1125][ORD->OMA:1500->0900]
>> Source:FUE Destination:OSD Start_Time:0934
[FUE->ARN:1515->2210][ARN->OSD:2240->2335]
>> Source:BGY Destination:LIS Start_Time:1127
[BGY->FRA:2150->2310][FRA->LIS:0930->1125]
>> Source:IAH Destination:SVO Start_Time:2221
[IAH->FRA:1525->0825][FRA->SVO:1050->1550]
>> Source:STR Destination:MEX Start_Time:2330
[STR->FRA:2355->0325][FRA->MEX:1430->1815]
>> Source:YYZ Destination:POP Start_Time:0944
[YYZ->FRA:1735->0715][FRA->POP:1500->1900]
>> Source:NRT Destination:ABQ Start_Time:1312
[NRT->ICN:1440->1710][ICN->FRA:2150->0450][FRA->DFW:1005->1350][DFW->ABQ:2000->0900]
>> Source:LYR Destination:ORK Start_Time:0845
[LYR->OSL:1455->1910][OSL->LHR:2015->2135][LHR->ORK:1500->1700]
>> Source:KRS Destination:PEN Start_Time:1118
[KRS->CPH:1235->1335][CPH->ORD:1535->1730][ORD->SIN:2005->1055][SIN->PEN:1540->1705]
>> Source:AAL Destination:CGN Start_Time:1654
[AAL->CPH:1730->1815][CPH->FRA:1925->2055][FRA->CGN:2215->2255]
>> Source:CWL Destination:AOI Start_Time:0059
[CWL->LHR:1700->2100][LHR->CGN:2250->0105][CGN->DUS:0330->0445][DUS->MUC:0600->0710][MUC->AOI:1035->1210]
>> Source:CCU Destination:KLR Start_Time:1737
[CCU->FRA:0055->0715][FRA->GOT:0810->0945][GOT->ARN:1045->1140][ARN->KLR:1205->1255]
>> Source:ASM Destination:SYD Start_Time:0520
[ASM->FRA:2305->0615][FRA->BRU:0715->0810][BRU->SIN:1300->1845][SIN->SYD:2030->0555]
>> Source:ASB Destination:FUE Start_Time:1423
[ASB->FRA:0120->0545][FRA->FUE:0635->1000]
>> Source:SMF Destination:AAL Start_Time:0513
No Flight Schedule Found.
>> Source:ALC Destination:LRD Start_Time:0948
[ALC->SVG:1240->1605][SVG->LHR:1750->1850][LHR->FRA:2000->2230][FRA->DFW:0040->0415][DFW->LRD:1500->1000]
>> Source:PRG Destination:VIE Start_Time:2153
[PRG->FRA:0610->0720][FRA->VIE:0850->1010]
>> Source:HAU Destination:IJK Start_Time:0335
[HAU->OSL:0620->0710][OSL->FRA:0935->1145][FRA->SVO:1305->1805][SVO->IJK:2100->1600]
>> Source:OTP Destination:PLQ Start_Time:0438
[OTP->FRA:0640->0815][FRA->CPH:0935->1105][CPH->PLQ:1300->1510]
>> Source:UME Destination:KRN Start_Time:0956
[UME->ARN:1250->1350][ARN->KRN:2120->2345]
>> Source:SFT Destination:AAR Start_Time:1956
[SFT->ARN:2020->2135][ARN->MMX:2245->2355][MMX->CPH:0700->0730][CPH->AAR:1200->1235]
>> Source:KUL Destination:MEL Start_Time:2315
[KUL->SIN:0815->0910][SIN->MEL:1940->0455]
>> Source:TLC Destination:HAJ Start_Time:0656
No Flight Schedule Found.
>> Source:SKG Destination:TBS Start_Time:0943
[SKG->ATH:2030->0800][ATH->MUC:1235->1405][MUC->TBS:2115->0300]
>> Source:TUL Destination:SCQ Start_Time:1739
No Flight Schedule Found.
>> Source:BIO Destination:LHR Start_Time:2006
[BIO->FRA:0735->0945][FRA->LHR:1250->1325]
>> Source:LEJ Destination:LED Start_Time:0426
[LEJ->MUC:0610->0710][MUC->LED:1105->1550]
>> Source:BOD Destination:SCN Start_Time:1709
No Flight Schedule Found.
>> Source:VOG Destination:EMA Start_Time:0733
No Flight Schedule Found.
>> Source:NCL Destination:YEG Start_Time:1038
[NCL->DUS:1315->1540][DUS->FRA:1705->1800][FRA->YVR:1305->1410][YVR->YEG:1730->0900]
>> Source:BKK Destination:FMO Start_Time:0605
[BKK->FRA:0905->1855][FRA->CGN:1935->2205][CGN->FMO:0330->0615]
>> Source:MJT Destination:AGA Start_Time:1920
[MJT->OSL:2110->0000][OSL->AGA:0810->1115]
>> Source:PVG Destination:JRO Start_Time:2128
[PVG->FRA:2340->0530][FRA->JRO:2015->0535]
>> Source:ZMB Destination:RNB Start_Time:0906
No Flight Schedule Found.
>> Source:BDU Destination:XMN Start_Time:1218
[BDU->OSL:1305->1450][OSL->NUE:1600->1805][NUE->FRA:1905->1955][FRA->SIN:2225->1620][SIN->XMN:0230->0645]
>> Source:ORY Destination:ALA Start_Time:1425
[ORY->CDG:2100->0700][CDG->FRA:1040->1155][FRA->ALA:1305->2345]
>> Source:LIM Destination:VCP Start_Time:1907
[LIM->FRA:1040->2130][FRA->VCP:1835->0325]
>> Source:CLT Destination:ZVH Start_Time:0217
[CLT->MUC:1715->0800][MUC->FRA:0935->1040][FRA->ZVH:0105->0730]
>> Source:EIL Destination:JNB Start_Time:2325
No Flight Schedule Found.
>> Source:YUL Destination:SIN Start_Time:1920
[YUL->MUC:2035->1000][MUC->FRA:1135->1240][FRA->EWR:1715->1959][EWR->SIN:2300->0540]
>> Source:AMM Destination:ACE Start_Time:1924
[AMM->FRA:0250->0615][FRA->ACE:0745->1110]
>> Source:CCS Destination:DLC Start_Time:2233
[CCS->FRA:1625->0810][FRA->NRT:1215->0630][NRT->DLC:0945->1150]
>> Source:PRG Destination:BTS Start_Time:2330
[PRG->MUC:0705->0810][MUC->BTS:1110->1230]
>> Source:SJO Destination:AOI Start_Time:1948
[SJO->FRA:0930->0640][FRA->MUC:0750->0845][MUC->AOI:1035->1210]
>> Source:BGY Destination:TLL Start_Time:2006
[BGY->CGN:2330->0050][CGN->ARN:0350->0555][ARN->TLL:1405->1605]
>> Source:AMM Destination:HKG Start_Time:2011
[AMM->FRA:0250->0615][FRA->BRU:0715->0810][BRU->SIN:1300->1845][SIN->HKG:0155->0545]
>> Source:LIS Destination:MLE Start_Time:0619
[LIS->FRA:0700->1050][FRA->MLE:1920->0810]
>> Source:SCL Destination:LAS Start_Time:0538
[SCL->GRU:1205->1640][GRU->MUC:2030->1310][MUC->FRA:1540->1645][FRA->LAS:1225->1455]
>> Source:BOG Destination:ZVH Start_Time:1607
[BOG->CCS:1226->1515][CCS->FRA:1625->0810][FRA->ZVH:0105->0730]
>> Source:RDU Destination:TLS Start_Time:0500
[RDU->IAD:2000->0800][IAD->FRA:1620->0615][FRA->TLS:0815->0955]
>> Source:GLA Destination:JAX Start_Time:0226
[GLA->ARN:1040->1355][ARN->FRA:1515->1725][FRA->ATL:0215->0545][ATL->JAX:2100->0900]
>> Source:HYD Destination:POA Start_Time:0409
[HYD->FRA:0110->0720][FRA->VCP:1835->0325][VCP->POA:1000->1200]
>> Source:CUN Destination:BUF Start_Time:0626
[CUN->FRA:1500->0900][FRA->ILN:0240->0810][ILN->BUF:1200->0900]
>> Source:KRN Destination:AKL Start_Time:0330
[KRN->ARN:0600->0830][ARN->FRA:0910->1125][FRA->BRU:1210->1305][BRU->SIN:1505->2045][SIN->AKL:2155->1120]
>> Source:TMP Destination:ADA Start_Time:1426
[TMP->CPH:1550->1635][CPH->FRA:1740->1910][FRA->IST:2240->0225][IST->ADA:2200->1400]
>> Source:KIX Destination:PHL Start_Time:1456
[KIX->ICN:1505->1655][ICN->FRA:2150->0450][FRA->PHL:1320->1600]
>> Source:CAG Destination:BUD Start_Time:0834
[CAG->MUC:1515->1715][MUC->BUD:2055->2210]
>> Source:OMA Destination:MKE Start_Time:2046
No Flight Schedule Found.
>> Source:PER Destination:MNL Start_Time:1834
[PER->SIN:0105->0625][SIN->MNL:0945->1315]
>> Source:ASB Destination:CDG Start_Time:2113
[ASB->FRA:0120->0545][FRA->CDG:0720->0830]
>> Source:MCO Destination:SXB Start_Time:0528
[MCO->FRA:2230->1335][FRA->MUC:1550->1645][MUC->SXB:2055->2150]
>> Source:AMD Destination:WRO Start_Time:1923
[AMD->SIN:2335->0740][SIN->LHR:0900->1530][LHR->MUC:1710->1955][MUC->WRO:1105->1225]
>> Source:EVN Destination:ZMS Start_Time:2132
[EVN->MUC:0435->0555][MUC->FLR:0855->1010][FLR->ZMS:0600->0700]
>> Source:SDF Destination:TPE Start_Time:0127
No Flight Schedule Found.
>> Source:ELP Destination:UME Start_Time:1451
[ELP->IAH:1659->1100][IAH->FRA:1525->0825][FRA->ARN:1005->1205][ARN->UME:1455->1555]
>> Source:NJC Destination:DEP Start_Time:2209
No Flight Schedule Found.
>> Source:KEF Destination:NCL Start_Time:1611
[KEF->OSL:1750->2235][OSL->ARN:0000->0100][ARN->DUS:0710->0915][DUS->NCL:1220->1245]
>> Source:FCO Destination:NCE Start_Time:1120
[FCO->FRA:1435->1635][FRA->NCE:1720->1850]

Failed to find a flight schedule for 38 out of 200 customers
Elapsed times: 10 (millsec) for planning, 385 (millisec) for scheduling
Memory consumption: 22661128 bytes
Total CPU time consumed by the thread: 519 (millsec)
